Array
(
    [qr_code_id] => 9
    [date] => 2025-11-02
)
Array
(
    [qr_code_id] => 9
    [date] => 2025-11-02
)
Array
(
    [qr_code_id] => 9
    [date] => 2025-11-02
)
Array
(
    [qr_code_id] => 9
    [date] => 2025-11-02
)
Array
(
    [qr_code_id] => 9
    [date] => 2025-11-02
)
Array
(
    [qr_code_id] => 9
    [date] => 2025-11-02
)
Array
(
    [qr_code_id] => 9
    [date] => 2025-11-02
)
Array
(
    [qr_code_id] => 9
    [date] => 2025-11-02
)
Array
(
    [qr_code_id] => 9
    [date] => 2025-11-02
)
Array
(
    [qr_code_id] => 9
    [date] => 2025-11-02
)
Array
(
    [qr_code_id] => 9
    [date] => 2025-11-02
)
Array
(
    [qr_code_id] => 9
    [date] => 2025-11-02
)
Array
(
    [qr_code_id] => 9
    [date] => 2025-11-02
)
Array
(
    [qr_code_id] => 9
    [date] => 2025-11-02
)
Array
(
    [qr_code_id] => 9
    [date] => 2025-11-02
)
Array
(
    [qr_code_id] => 9
    [date] => 2025-11-02
)
Array
(
    [qr_code_id] => 9
    [date] => 2025-11-02
)
Array
(
    [course_id] => 9
    [date] => 2025-11-02
)
Array
(
    [course_id] => 9
    [date] => 2025-11-02
)
Array
(
    [qr_code_id] => 9
    [date] => 2025-11-02
)
Array
(
    [qr_code_id] => 9
    [date] => 2025-11-02
)
Array
(
    [course_id] => 9
    [date] => 2025-11-02
)
